{"level":"info","message":"User authenticated: 67174a39d38bda6296a37539","timestamp":"2024-10-22T17:20:24.559Z"}
{"level":"info","message":"User authenticated: 67174a39d38bda6296a37539","timestamp":"2024-10-22T17:20:27.974Z"}
{"level":"info","message":"User authenticated: 67174a39d38bda6296a37539","timestamp":"2024-10-22T17:20:31.104Z"}
{"level":"info","message":"Note deleted: 6717ca8bf7bf0f9a4c5e63c3 by user: 67174a39d38bda6296a37539","timestamp":"2024-10-22T17:20:31.137Z"}
{"level":"info","message":"User authenticated: 67174a39d38bda6296a37539","timestamp":"2024-10-22T17:20:31.201Z"}
{"level":"info","message":"User authenticated: 67174a39d38bda6296a37539","timestamp":"2024-10-22T17:20:32.195Z"}
{"level":"info","message":"User authenticated: 67174a39d38bda6296a37539","timestamp":"2024-10-22T17:20:34.881Z"}
{"level":"info","message":"Note updated: 6717ca5df7bf0f9a4c5e6389 by user: 67174a39d38bda6296a37539","timestamp":"2024-10-22T17:20:34.918Z"}
{"level":"info","message":"User authenticated: 67174a39d38bda6296a37539","timestamp":"2024-10-22T17:20:34.983Z"}
{"level":"info","message":"User authenticated: 67174a39d38bda6296a37539","timestamp":"2024-10-22T17:21:20.828Z"}
{"level":"info","message":"User authenticated: 67174a39d38bda6296a37539","timestamp":"2024-10-22T17:21:21.871Z"}
{"level":"info","message":"User authenticated: 67174a39d38bda6296a37539","timestamp":"2024-10-22T17:21:25.029Z"}
{"level":"info","message":"Note updated: 6717ca60f7bf0f9a4c5e6392 by user: 67174a39d38bda6296a37539","timestamp":"2024-10-22T17:21:25.063Z"}
{"level":"info","message":"User authenticated: 67174a39d38bda6296a37539","timestamp":"2024-10-22T17:21:25.381Z"}
{"level":"info","message":"User authenticated: 67174a39d38bda6296a37539","timestamp":"2024-10-22T17:21:26.929Z"}
{"level":"info","message":"User authenticated: 67174a39d38bda6296a37539","timestamp":"2024-10-22T17:21:29.708Z"}
{"level":"info","message":"Note updated: 6717ca5df7bf0f9a4c5e6389 by user: 67174a39d38bda6296a37539","timestamp":"2024-10-22T17:21:29.737Z"}
{"level":"info","message":"User authenticated: 67174a39d38bda6296a37539","timestamp":"2024-10-22T17:21:29.795Z"}
{"level":"info","message":"User authenticated: 67174a39d38bda6296a37539","timestamp":"2024-10-22T17:21:32.422Z"}
{"level":"info","message":"User authenticated: 67174a39d38bda6296a37539","timestamp":"2024-10-22T17:21:37.192Z"}
{"level":"info","message":"New note created by user: 67174a39d38bda6296a37539","timestamp":"2024-10-22T17:21:37.234Z"}
{"level":"info","message":"User authenticated: 67174a39d38bda6296a37539","timestamp":"2024-10-22T17:21:37.290Z"}
{"level":"info","message":"User authenticated: 67174a39d38bda6296a37539","timestamp":"2024-10-22T17:21:38.715Z"}
{"level":"info","message":"User authenticated: 67174a39d38bda6296a37539","timestamp":"2024-10-22T17:21:43.072Z"}
{"level":"info","message":"Note updated: 6717df216372641d11a807e7 by user: 67174a39d38bda6296a37539","timestamp":"2024-10-22T17:21:43.104Z"}
{"level":"info","message":"User authenticated: 67174a39d38bda6296a37539","timestamp":"2024-10-22T17:21:43.161Z"}
{"level":"info","message":"User authenticated: 67174a39d38bda6296a37539","timestamp":"2024-10-22T17:21:44.373Z"}
{"level":"info","message":"User authenticated: 67174a39d38bda6296a37539","timestamp":"2024-10-22T17:21:46.923Z"}
{"level":"info","message":"Note deleted: 6717df216372641d11a807e7 by user: 67174a39d38bda6296a37539","timestamp":"2024-10-22T17:21:46.951Z"}
{"level":"info","message":"User authenticated: 67174a39d38bda6296a37539","timestamp":"2024-10-22T17:21:47.002Z"}
{"level":"info","message":"User authenticated: 67174a39d38bda6296a37539","timestamp":"2024-10-22T17:21:47.955Z"}
{"level":"info","message":"User authenticated: 67174a39d38bda6296a37539","timestamp":"2024-10-22T17:21:50.630Z"}
{"level":"info","message":"Note updated: 6717ca60f7bf0f9a4c5e6392 by user: 67174a39d38bda6296a37539","timestamp":"2024-10-22T17:21:50.660Z"}
{"level":"info","message":"User authenticated: 67174a39d38bda6296a37539","timestamp":"2024-10-22T17:21:50.714Z"}
{"level":"info","message":"Server is running on port 3000","timestamp":"2024-10-22T17:23:35.198Z"}
